# JRE version: OpenJDK Runtime Environment (21.0.8) (build 21.0.8+-14196175-b1038.72)
# Java VM: OpenJDK 64-Bit Server VM (21.0.8+-14196175-b1038.72, mixed mode, tiered, compressed oops, compressed class ptrs, g1 gc, windows-amd64)
GC Precious Log:
 CardTable entry size: 512
 Card Set container configuration: InlinePtr #cards 4 size 8 Array Of Cards #cards 16 size 48 Howl #buckets 8 coarsen threshold 3686 Howl Bitmap #cards 512 size 80 coarsen threshold 460 Card regions per heap region 1 cards per card region 4096
 CPUs: 12 total, 12 available
 Memory: 16087M
 Large Page Support: Disabled
 NUMA Support: Disabled
 Compressed Oops: Enabled (Zero based)
 Heap Region Size: 2M
 Heap Min Capacity: 8M
 Heap Initial Capacity: 252M
 Heap Max Capacity: 4022M
 Pre-touch: Disabled
 Parallel Workers: 10
 Concurrent Workers: 3
 Concurrent Refinement Workers: 10
 Periodic GC: Disabled
Heap:
 garbage-first heap   total 184320K, used 130932K [0x0000000704a00000, 0x0000000800000000)
  region size 2048K, 20 young (40960K), 4 survivors (8192K)
 Metaspace       used 69627K, committed 69952K, reserved 1114112K
  class space    used 7806K, committed 7936K, reserved 1048576K
GC Heap History (20 events):
Event: 2.713 GC heap before
{Heap before GC invocations=5 (full 0):
 garbage-first heap   total 47104K, used 35398K [0x0000000704a00000, 0x0000000800000000)
  region size 2048K, 10 young (20480K), 1 survivors (2048K)
 Metaspace       used 34581K, committed 34752K, reserved 1114112K
  class space    used 4278K, committed 4352K, reserved 1048576K
}
Event: 2.719 GC heap after
{Heap after GC invocations=6 (full 0):
 garbage-first heap   total 47104K, used 17919K [0x0000000704a00000, 0x0000000800000000)
  region size 2048K, 2 young (4096K), 2 survivors (4096K)
 Metaspace       used 34581K, committed 34752K, reserved 1114112K
  class space    used 4278K, committed 4352K, reserved 1048576K
}
Event: 2.813 GC heap before
{Heap before GC invocations=6 (full 0):
 garbage-first heap   total 47104K, used 22015K [0x0000000704a00000, 0x0000000800000000)
  region size 2048K, 5 young (10240K), 2 survivors (4096K)
 Metaspace       used 35746K, committed 35968K, reserved 1114112K
  class space    used 4417K, committed 4544K, reserved 1048576K
}
Event: 2.820 GC heap after
{Heap after GC invocations=7 (full 0):
 garbage-first heap   total 47104K, used 18285K [0x0000000704a00000, 0x0000000800000000)
  region size 2048K, 1 young (2048K), 1 survivors (2048K)
 Metaspace       used 35746K, committed 35968K, reserved 1114112K
  class space    used 4417K, committed 4544K, reserved 1048576K
}
Event: 3.316 GC heap before
{Heap before GC invocations=8 (full 0):
 garbage-first heap   total 47104K, used 38765K [0x0000000704a00000, 0x0000000800000000)
  region size 2048K, 11 young (22528K), 1 survivors (2048K)
 Metaspace       used 40901K, committed 41152K, reserved 1114112K
  class space    used 4931K, committed 5056K, reserved 1048576K
}
Event: 3.323 GC heap after
{Heap after GC invocations=9 (full 0):
 garbage-first heap   total 153600K, used 19494K [0x0000000704a00000, 0x0000000800000000)
  region size 2048K, 2 young (4096K), 2 survivors (4096K)
 Metaspace       used 40901K, committed 41152K, reserved 1114112K
  class space    used 4931K, committed 5056K, reserved 1048576K
}
Event: 5.606 GC heap before
{Heap before GC invocations=9 (full 0):
 garbage-first heap   total 153600K, used 105510K [0x0000000704a00000, 0x0000000800000000)
  region size 2048K, 45 young (92160K), 2 survivors (4096K)
 Metaspace       used 50674K, committed 50880K, reserved 1114112K
  class space    used 5893K, committed 5952K, reserved 1048576K
}
Event: 5.640 GC heap after
{Heap after GC invocations=10 (full 0):
 garbage-first heap   total 153600K, used 36988K [0x0000000704a00000, 0x0000000800000000)
  region size 2048K, 6 young (12288K), 6 survivors (12288K)
 Metaspace       used 50674K, committed 50880K, reserved 1114112K
  class space    used 5893K, committed 5952K, reserved 1048576K
}
Event: 7.069 GC heap before
{Heap before GC invocations=10 (full 0):
 garbage-first heap   total 153600K, used 106620K [0x0000000704a00000, 0x0000000800000000)
  region size 2048K, 40 young (81920K), 6 survivors (12288K)
 Metaspace       used 58052K, committed 58304K, reserved 1114112K
  class space    used 6778K, committed 6912K, reserved 1048576K
}
Event: 7.109 GC heap after
{Heap after GC invocations=11 (full 0):
 garbage-first heap   total 153600K, used 55296K [0x0000000704a00000, 0x0000000800000000)
  region size 2048K, 5 young (10240K), 5 survivors (10240K)
 Metaspace       used 58052K, committed 58304K, reserved 1114112K
  class space    used 6778K, committed 6912K, reserved 1048576K
}
Event: 7.565 GC heap before
{Heap before GC invocations=11 (full 0):
 garbage-first heap   total 153600K, used 75776K [0x0000000704a00000, 0x0000000800000000)
  region size 2048K, 16 young (32768K), 5 survivors (10240K)
 Metaspace       used 59872K, committed 60160K, reserved 1114112K
  class space    used 6978K, committed 7104K, reserved 1048576K
}
Event: 7.584 GC heap after
{Heap after GC invocations=12 (full 0):
 garbage-first heap   total 153600K, used 61436K [0x0000000704a00000, 0x0000000800000000)
  region size 2048K, 2 young (4096K), 2 survivors (4096K)
 Metaspace       used 59872K, committed 60160K, reserved 1114112K
  class space    used 6978K, committed 7104K, reserved 1048576K
}
Event: 9.493 GC heap before
{Heap before GC invocations=13 (full 0):
 garbage-first heap   total 153600K, used 120828K [0x0000000704a00000, 0x0000000800000000)
  region size 2048K, 31 young (63488K), 2 survivors (4096K)
 Metaspace       used 65799K, committed 66112K, reserved 1114112K
  class space    used 7665K, committed 7808K, reserved 1048576K
}
Event: 9.515 GC heap after
{Heap after GC invocations=14 (full 0):
 garbage-first heap   total 153600K, used 71680K [0x0000000704a00000, 0x0000000800000000)
  region size 2048K, 4 young (8192K), 4 survivors (8192K)
 Metaspace       used 65799K, committed 66112K, reserved 1114112K
  class space    used 7665K, committed 7808K, reserved 1048576K
}
Event: 11.144 GC heap before
{Heap before GC invocations=14 (full 0):
 garbage-first heap   total 153600K, used 126976K [0x0000000704a00000, 0x0000000800000000)
  region size 2048K, 31 young (63488K), 4 survivors (8192K)
 Metaspace       used 67351K, committed 67648K, reserved 1114112K
  class space    used 7719K, committed 7872K, reserved 1048576K
}
Event: 11.178 GC heap after
{Heap after GC invocations=15 (full 0):
 garbage-first heap   total 184320K, used 79872K [0x0000000704a00000, 0x0000000800000000)
  region size 2048K, 4 young (8192K), 4 survivors (8192K)
 Metaspace       used 67351K, committed 67648K, reserved 1114112K
  class space    used 7719K, committed 7872K, reserved 1048576K
}
Event: 14.013 GC heap before
{Heap before GC invocations=15 (full 0):
 garbage-first heap   total 184320K, used 149504K [0x0000000704a00000, 0x0000000800000000)
  region size 2048K, 38 young (77824K), 4 survivors (8192K)
 Metaspace       used 68606K, committed 68864K, reserved 1114112K
  class space    used 7767K, committed 7872K, reserved 1048576K
}
Event: 14.049 GC heap after
{Heap after GC invocations=16 (full 0):
 garbage-first heap   total 184320K, used 92160K [0x0000000704a00000, 0x0000000800000000)
  region size 2048K, 5 young (10240K), 5 survivors (10240K)
 Metaspace       used 68606K, committed 68864K, reserved 1114112K
  class space    used 7767K, committed 7872K, reserved 1048576K
}
Event: 18.782 GC heap before
{Heap before GC invocations=16 (full 0):
 garbage-first heap   total 184320K, used 153600K [0x0000000704a00000, 0x0000000800000000)
  region size 2048K, 35 young (71680K), 5 survivors (10240K)
 Metaspace       used 69451K, committed 69760K, reserved 1114112K
  class space    used 7788K, committed 7936K, reserved 1048576K
}
Event: 18.806 GC heap after
{Heap after GC invocations=17 (full 0):
 garbage-first heap   total 184320K, used 100212K [0x0000000704a00000, 0x0000000800000000)
  region size 2048K, 4 young (8192K), 4 survivors (8192K)
 Metaspace       used 69451K, committed 69760K, reserved 1114112K
  class space    used 7788K, committed 7936K, reserved 1048576K
}

