# JRE version: OpenJDK Runtime Environment (21.0.8) (build 21.0.8+-14196175-b1038.72)
# Java VM: OpenJDK 64-Bit Server VM (21.0.8+-14196175-b1038.72, mixed mode, tiered, compressed oops, compressed class ptrs, g1 gc, windows-amd64)
GC Precious Log:
 CardTable entry size: 512
 Card Set container configuration: InlinePtr #cards 4 size 8 Array Of Cards #cards 16 size 48 Howl #buckets 8 coarsen threshold 3686 Howl Bitmap #cards 512 size 80 coarsen threshold 460 Card regions per heap region 1 cards per card region 4096
 CPUs: 12 total, 12 available
 Memory: 16087M
 Large Page Support: Disabled
 NUMA Support: Disabled
 Compressed Oops: Enabled (Zero based)
 Heap Region Size: 2M
 Heap Min Capacity: 8M
 Heap Initial Capacity: 252M
 Heap Max Capacity: 4022M
 Pre-touch: Disabled
 Parallel Workers: 10
 Concurrent Workers: 3
 Concurrent Refinement Workers: 10
 Periodic GC: Disabled
Heap:
 garbage-first heap   total 184320K, used 116736K [0x0000000704a00000, 0x0000000800000000)
  region size 2048K, 5 young (10240K), 2 survivors (4096K)
 Metaspace       used 73547K, committed 73856K, reserved 1179648K
  class space    used 8117K, committed 8256K, reserved 1048576K
GC Heap History (20 events):
Event: 3.323 GC heap before
{Heap before GC invocations=8 (full 0):
 garbage-first heap   total 47104K, used 38512K [0x0000000704a00000, 0x0000000800000000)
  region size 2048K, 11 young (22528K), 1 survivors (2048K)
 Metaspace       used 40895K, committed 41152K, reserved 1114112K
  class space    used 4931K, committed 5056K, reserved 1048576K
}
Event: 3.331 GC heap after
{Heap after GC invocations=9 (full 0):
 garbage-first heap   total 153600K, used 19259K [0x0000000704a00000, 0x0000000800000000)
  region size 2048K, 2 young (4096K), 2 survivors (4096K)
 Metaspace       used 40895K, committed 41152K, reserved 1114112K
  class space    used 4931K, committed 5056K, reserved 1048576K
}
Event: 5.686 GC heap before
{Heap before GC invocations=9 (full 0):
 garbage-first heap   total 153600K, used 105275K [0x0000000704a00000, 0x0000000800000000)
  region size 2048K, 45 young (92160K), 2 survivors (4096K)
 Metaspace       used 50674K, committed 50880K, reserved 1114112K
  class space    used 5893K, committed 5952K, reserved 1048576K
}
Event: 5.722 GC heap after
{Heap after GC invocations=10 (full 0):
 garbage-first heap   total 153600K, used 37228K [0x0000000704a00000, 0x0000000800000000)
  region size 2048K, 6 young (12288K), 6 survivors (12288K)
 Metaspace       used 50674K, committed 50880K, reserved 1114112K
  class space    used 5893K, committed 5952K, reserved 1048576K
}
Event: 7.338 GC heap before
{Heap before GC invocations=10 (full 0):
 garbage-first heap   total 153600K, used 106860K [0x0000000704a00000, 0x0000000800000000)
  region size 2048K, 40 young (81920K), 6 survivors (12288K)
 Metaspace       used 58162K, committed 58432K, reserved 1114112K
  class space    used 6778K, committed 6912K, reserved 1048576K
}
Event: 7.382 GC heap after
{Heap after GC invocations=11 (full 0):
 garbage-first heap   total 153600K, used 55296K [0x0000000704a00000, 0x0000000800000000)
  region size 2048K, 5 young (10240K), 5 survivors (10240K)
 Metaspace       used 58162K, committed 58432K, reserved 1114112K
  class space    used 6778K, committed 6912K, reserved 1048576K
}
Event: 7.841 GC heap before
{Heap before GC invocations=11 (full 0):
 garbage-first heap   total 153600K, used 73728K [0x0000000704a00000, 0x0000000800000000)
  region size 2048K, 15 young (30720K), 5 survivors (10240K)
 Metaspace       used 59925K, committed 60160K, reserved 1114112K
  class space    used 6979K, committed 7104K, reserved 1048576K
}
Event: 7.864 GC heap after
{Heap after GC invocations=12 (full 0):
 garbage-first heap   total 153600K, used 60630K [0x0000000704a00000, 0x0000000800000000)
  region size 2048K, 2 young (4096K), 2 survivors (4096K)
 Metaspace       used 59925K, committed 60160K, reserved 1114112K
  class space    used 6979K, committed 7104K, reserved 1048576K
}
Event: 9.707 GC heap before
{Heap before GC invocations=13 (full 0):
 garbage-first heap   total 153600K, used 117974K [0x0000000704a00000, 0x0000000800000000)
  region size 2048K, 30 young (61440K), 2 survivors (4096K)
 Metaspace       used 65786K, committed 66112K, reserved 1114112K
  class space    used 7660K, committed 7808K, reserved 1048576K
}
Event: 9.732 GC heap after
{Heap after GC invocations=14 (full 0):
 garbage-first heap   total 153600K, used 70384K [0x0000000704a00000, 0x0000000800000000)
  region size 2048K, 4 young (8192K), 4 survivors (8192K)
 Metaspace       used 65786K, committed 66112K, reserved 1114112K
  class space    used 7660K, committed 7808K, reserved 1048576K
}
Event: 11.123 GC heap before
{Heap before GC invocations=14 (full 0):
 garbage-first heap   total 153600K, used 123632K [0x0000000704a00000, 0x0000000800000000)
  region size 2048K, 30 young (61440K), 4 survivors (8192K)
 Metaspace       used 67218K, committed 67584K, reserved 1114112K
  class space    used 7719K, committed 7872K, reserved 1048576K
}
Event: 11.167 GC heap after
{Heap after GC invocations=15 (full 0):
 garbage-first heap   total 184320K, used 80681K [0x0000000704a00000, 0x0000000800000000)
  region size 2048K, 4 young (8192K), 4 survivors (8192K)
 Metaspace       used 67218K, committed 67584K, reserved 1114112K
  class space    used 7719K, committed 7872K, reserved 1048576K
}
Event: 12.554 GC heap before
{Heap before GC invocations=15 (full 0):
 garbage-first heap   total 184320K, used 148265K [0x0000000704a00000, 0x0000000800000000)
  region size 2048K, 37 young (75776K), 4 survivors (8192K)
 Metaspace       used 68474K, committed 68736K, reserved 1114112K
  class space    used 7767K, committed 7872K, reserved 1048576K
}
Event: 12.578 GC heap after
{Heap after GC invocations=16 (full 0):
 garbage-first heap   total 184320K, used 92105K [0x0000000704a00000, 0x0000000800000000)
  region size 2048K, 5 young (10240K), 5 survivors (10240K)
 Metaspace       used 68474K, committed 68736K, reserved 1114112K
  class space    used 7767K, committed 7872K, reserved 1048576K
}
Event: 14.075 GC heap before
{Heap before GC invocations=16 (full 0):
 garbage-first heap   total 184320K, used 153545K [0x0000000704a00000, 0x0000000800000000)
  region size 2048K, 35 young (71680K), 5 survivors (10240K)
 Metaspace       used 69284K, committed 69568K, reserved 1114112K
  class space    used 7788K, committed 7936K, reserved 1048576K
}
Event: 14.096 GC heap after
{Heap after GC invocations=17 (full 0):
 garbage-first heap   total 184320K, used 100181K [0x0000000704a00000, 0x0000000800000000)
  region size 2048K, 4 young (8192K), 4 survivors (8192K)
 Metaspace       used 69284K, committed 69568K, reserved 1114112K
  class space    used 7788K, committed 7936K, reserved 1048576K
}
Event: 15.132 GC heap before
{Heap before GC invocations=17 (full 0):
 garbage-first heap   total 184320K, used 155477K [0x0000000704a00000, 0x0000000800000000)
  region size 2048K, 32 young (65536K), 4 survivors (8192K)
 Metaspace       used 69732K, committed 70016K, reserved 1114112K
  class space    used 7811K, committed 7936K, reserved 1048576K
}
Event: 15.153 GC heap after
{Heap after GC invocations=18 (full 0):
 garbage-first heap   total 184320K, used 108430K [0x0000000704a00000, 0x0000000800000000)
  region size 2048K, 4 young (8192K), 4 survivors (8192K)
 Metaspace       used 69732K, committed 70016K, reserved 1114112K
  class space    used 7811K, committed 7936K, reserved 1048576K
}
Event: 17.067 GC heap before
{Heap before GC invocations=19 (full 0):
 garbage-first heap   total 184320K, used 159630K [0x0000000704a00000, 0x0000000800000000)
  region size 2048K, 29 young (59392K), 4 survivors (8192K)
 Metaspace       used 73408K, committed 73728K, reserved 1179648K
  class space    used 8115K, committed 8256K, reserved 1048576K
}
Event: 17.088 GC heap after
{Heap after GC invocations=20 (full 0):
 garbage-first heap   total 184320K, used 112640K [0x0000000704a00000, 0x0000000800000000)
  region size 2048K, 2 young (4096K), 2 survivors (4096K)
 Metaspace       used 73408K, committed 73728K, reserved 1179648K
  class space    used 8115K, committed 8256K, reserved 1048576K
}

